The system is: Linux - 5.10.16.3-microsoft-standard-WSL2 - x86_64
Compiling the C compiler identification source file "CMakeCCompilerId.c" succeeded.
Compiler: /usr/bin/cc 
Build flags: 
Id flags:  

The output was:
0


Compilation of the C compiler identification source "CMakeCCompilerId.c" produced "a.out"

The C compiler identification is GNU, found in "/mnt/c/Users/nathan.jones2/Documents/libc-skeleton/build/cmocka/CMakeFiles/3.21.3/CompilerIdC/a.out"

Detecting C compiler ABI info compiled with the following output:
Change Dir: /mnt/c/Users/nathan.jones2/Documents/libc-skeleton/build/cmocka/CMakeFiles/CMakeTmp

Run Build Command(s):/home/nathancharlesjones/.local/bin/ninja cmTC_ef3b6 && [1/2] Building C object CMakeFiles/cmTC_ef3b6.dir/CMakeCCompilerABI.c.o
Using built-in specs.
COLLECT_GCC=/usr/bin/cc
OFFLOAD_TARGET_NAMES=nvptx-none:hsa
OFFLOAD_TARGET_DEFAULT=1
Target: x86_64-linux-gnu
Configured with: ../src/configure -v --with-pkgversion='Ubuntu 9.3.0-17ubuntu1~20.04' --with-bugurl=file:///usr/share/doc/gcc-9/README.Bugs --enable-languages=c,ada,c++,go,brig,d,fortran,objc,obj-c++,gm2 --prefix=/usr --with-gcc-major-version-only --program-suffix=-9 --program-prefix=x86_64-linux-gnu- --enable-shared --enable-linker-build-id --libexecdir=/usr/lib --without-included-gettext --enable-threads=posix --libdir=/usr/lib --enable-nls --enable-clocale=gnu --enable-libstdcxx-debug --enable-libstdcxx-time=yes --with-default-libstdcxx-abi=new --enable-gnu-unique-object --disable-vtable-verify --enable-plugin --enable-default-pie --with-system-zlib --with-target-system-zlib=auto --enable-objc-gc=auto --enable-multiarch --disable-werror --with-arch-32=i686 --with-abi=m64 --with-multilib-list=m32,m64,mx32 --enable-multilib --with-tune=generic --enable-offload-targets=nvptx-none=/build/gcc-9-HskZEa/gcc-9-9.3.0/debian/tmp-nvptx/usr,hsa --without-cuda-driver --enable-checking=release --build=x86_64-linux-gnu --host=x86_64-linux-gnu --target=x86_64-linux-gnu
Thread model: posix
gcc version 9.3.0 (Ubuntu 9.3.0-17ubuntu1~20.04) 
COLLECT_GCC_OPTIONS='-fPIE' '-v' '-o' 'CMakeFiles/cmTC_ef3b6.dir/CMakeCCompilerABI.c.o' '-c' '-mtune=generic' '-march=x86-64'
 /usr/lib/gcc/x86_64-linux-gnu/9/cc1 -quiet -v -imultiarch x86_64-linux-gnu /home/nathancharlesjones/.local/lib/python3.8/site-packages/cmake/data/share/cmake-3.21/Modules/CMakeCCompilerABI.c -quiet -dumpbase CMakeCCompilerABI.c -mtune=generic -march=x86-64 -auxbase-strip CMakeFiles/cmTC_ef3b6.dir/CMakeCCompilerABI.c.o -version -fPIE -fasynchronous-unwind-tables -fstack-protector-strong -Wformat -Wformat-security -fstack-clash-protection -fcf-protection -o /tmp/ccqCOx1e.s
GNU C17 (Ubuntu 9.3.0-17ubuntu1~20.04) version 9.3.0 (x86_64-linux-gnu)
	compiled by GNU C version 9.3.0, GMP version 6.2.0, MPFR version 4.0.2, MPC version 1.1.0, isl version isl-0.22.1-GMP

GGC heuristics: --param ggc-min-expand=100 --param ggc-min-heapsize=131072
ignoring nonexistent directory "/usr/local/include/x86_64-linux-gnu"
ignoring nonexistent directory "/usr/lib/gcc/x86_64-linux-gnu/9/include-fixed"
ignoring nonexistent directory "/usr/lib/gcc/x86_64-linux-gnu/9/../../../../x86_64-linux-gnu/include"
#include "..." search starts here:
#include <...> search starts here:
 /usr/lib/gcc/x86_64-linux-gnu/9/include
 /usr/local/include
 /usr/include/x86_64-linux-gnu
 /usr/include
End of search list.
GNU C17 (Ubuntu 9.3.0-17ubuntu1~20.04) version 9.3.0 (x86_64-linux-gnu)
	compiled by GNU C version 9.3.0, GMP version 6.2.0, MPFR version 4.0.2, MPC version 1.1.0, isl version isl-0.22.1-GMP

GGC heuristics: --param ggc-min-expand=100 --param ggc-min-heapsize=131072
Compiler executable checksum: bbf13931d8de1abe14040c9909cb6969
COLLECT_GCC_OPTIONS='-fPIE' '-v' '-o' 'CMakeFiles/cmTC_ef3b6.dir/CMakeCCompilerABI.c.o' '-c' '-mtune=generic' '-march=x86-64'
 as -v --64 -o CMakeFiles/cmTC_ef3b6.dir/CMakeCCompilerABI.c.o /tmp/ccqCOx1e.s
GNU assembler version 2.34 (x86_64-linux-gnu) using BFD version (GNU Binutils for Ubuntu) 2.34
COMPILER_PATH=/usr/lib/gcc/x86_64-linux-gnu/9/:/usr/lib/gcc/x86_64-linux-gnu/9/:/usr/lib/gcc/x86_64-linux-gnu/:/usr/lib/gcc/x86_64-linux-gnu/9/:/usr/lib/gcc/x86_64-linux-gnu/
LIBRARY_PATH=/usr/lib/gcc/x86_64-linux-gnu/9/:/usr/lib/gcc/x86_64-linux-gnu/9/../../../x86_64-linux-gnu/:/usr/lib/gcc/x86_64-linux-gnu/9/../../../../lib/:/lib/x86_64-linux-gnu/:/lib/../lib/:/usr/lib/x86_64-linux-gnu/:/usr/lib/../lib/:/usr/lib/gcc/x86_64-linux-gnu/9/../../../:/lib/:/usr/lib/
COLLECT_GCC_OPTIONS='-fPIE' '-v' '-o' 'CMakeFiles/cmTC_ef3b6.dir/CMakeCCompilerABI.c.o' '-c' '-mtune=generic' '-march=x86-64'
[2/2] Linking C executable cmTC_ef3b6
Using built-in specs.
COLLECT_GCC=/usr/bin/cc
COLLECT_LTO_WRAPPER=/usr/lib/gcc/x86_64-linux-gnu/9/lto-wrapper
OFFLOAD_TARGET_NAMES=nvptx-none:hsa
OFFLOAD_TARGET_DEFAULT=1
Target: x86_64-linux-gnu
Configured with: ../src/configure -v --with-pkgversion='Ubuntu 9.3.0-17ubuntu1~20.04' --with-bugurl=file:///usr/share/doc/gcc-9/README.Bugs --enable-languages=c,ada,c++,go,brig,d,fortran,objc,obj-c++,gm2 --prefix=/usr --with-gcc-major-version-only --program-suffix=-9 --program-prefix=x86_64-linux-gnu- --enable-shared --enable-linker-build-id --libexecdir=/usr/lib --without-included-gettext --enable-threads=posix --libdir=/usr/lib --enable-nls --enable-clocale=gnu --enable-libstdcxx-debug --enable-libstdcxx-time=yes --with-default-libstdcxx-abi=new --enable-gnu-unique-object --disable-vtable-verify --enable-plugin --enable-default-pie --with-system-zlib --with-target-system-zlib=auto --enable-objc-gc=auto --enable-multiarch --disable-werror --with-arch-32=i686 --with-abi=m64 --with-multilib-list=m32,m64,mx32 --enable-multilib --with-tune=generic --enable-offload-targets=nvptx-none=/build/gcc-9-HskZEa/gcc-9-9.3.0/debian/tmp-nvptx/usr,hsa --without-cuda-driver --enable-checking=release --build=x86_64-linux-gnu --host=x86_64-linux-gnu --target=x86_64-linux-gnu
Thread model: posix
gcc version 9.3.0 (Ubuntu 9.3.0-17ubuntu1~20.04) 
COMPILER_PATH=/usr/lib/gcc/x86_64-linux-gnu/9/:/usr/lib/gcc/x86_64-linux-gnu/9/:/usr/lib/gcc/x86_64-linux-gnu/:/usr/lib/gcc/x86_64-linux-gnu/9/:/usr/lib/gcc/x86_64-linux-gnu/
LIBRARY_PATH=/usr/lib/gcc/x86_64-linux-gnu/9/:/usr/lib/gcc/x86_64-linux-gnu/9/../../../x86_64-linux-gnu/:/usr/lib/gcc/x86_64-linux-gnu/9/../../../../lib/:/lib/x86_64-linux-gnu/:/lib/../lib/:/usr/lib/x86_64-linux-gnu/:/usr/lib/../lib/:/usr/lib/gcc/x86_64-linux-gnu/9/../../../:/lib/:/usr/lib/
COLLECT_GCC_OPTIONS='-v' '-o' 'cmTC_ef3b6' '-mtune=generic' '-march=x86-64'
 /usr/lib/gcc/x86_64-linux-gnu/9/collect2 -plugin /usr/lib/gcc/x86_64-linux-gnu/9/liblto_plugin.so -plugin-opt=/usr/lib/gcc/x86_64-linux-gnu/9/lto-wrapper -plugin-opt=-fresolution=/tmp/cc5PzcuQ.res -plugin-opt=-pass-through=-lgcc -plugin-opt=-pass-through=-lgcc_s -plugin-opt=-pass-through=-lc -plugin-opt=-pass-through=-lgcc -plugin-opt=-pass-through=-lgcc_s --build-id --eh-frame-hdr -m elf_x86_64 --hash-style=gnu --as-needed -dynamic-linker /lib64/ld-linux-x86-64.so.2 -pie -z now -z relro -o cmTC_ef3b6 /usr/lib/gcc/x86_64-linux-gnu/9/../../../x86_64-linux-gnu/Scrt1.o /usr/lib/gcc/x86_64-linux-gnu/9/../../../x86_64-linux-gnu/crti.o /usr/lib/gcc/x86_64-linux-gnu/9/crtbeginS.o -L/usr/lib/gcc/x86_64-linux-gnu/9 -L/usr/lib/gcc/x86_64-linux-gnu/9/../../../x86_64-linux-gnu -L/usr/lib/gcc/x86_64-linux-gnu/9/../../../../lib -L/lib/x86_64-linux-gnu -L/lib/../lib -L/usr/lib/x86_64-linux-gnu -L/usr/lib/../lib -L/usr/lib/gcc/x86_64-linux-gnu/9/../../.. CMakeFiles/cmTC_ef3b6.dir/CMakeCCompilerABI.c.o -lgcc --push-state --as-needed -lgcc_s --pop-state -lc -lgcc --push-state --as-needed -lgcc_s --pop-state /usr/lib/gcc/x86_64-linux-gnu/9/crtendS.o /usr/lib/gcc/x86_64-linux-gnu/9/../../../x86_64-linux-gnu/crtn.o
COLLECT_GCC_OPTIONS='-v' '-o' 'cmTC_ef3b6' '-mtune=generic' '-march=x86-64'



Parsed C implicit include dir info from above output: rv=done
  found start of include info
  found start of implicit include info
    add: [/usr/lib/gcc/x86_64-linux-gnu/9/include]
    add: [/usr/local/include]
    add: [/usr/include/x86_64-linux-gnu]
    add: [/usr/include]
  end of search list found
  collapse include dir [/usr/lib/gcc/x86_64-linux-gnu/9/include] ==> [/usr/lib/gcc/x86_64-linux-gnu/9/include]
  collapse include dir [/usr/local/include] ==> [/usr/local/include]
  collapse include dir [/usr/include/x86_64-linux-gnu] ==> [/usr/include/x86_64-linux-gnu]
  collapse include dir [/usr/include] ==> [/usr/include]
  implicit include dirs: [/usr/lib/gcc/x86_64-linux-gnu/9/include;/usr/local/include;/usr/include/x86_64-linux-gnu;/usr/include]


Parsed C implicit link information from above output:
  link line regex: [^( *|.*[/\])(ld|CMAKE_LINK_STARTFILE-NOTFOUND|([^/\]+-)?ld|collect2)[^/\]*( |$)]
  ignore line: [Change Dir: /mnt/c/Users/nathan.jones2/Documents/libc-skeleton/build/cmocka/CMakeFiles/CMakeTmp]
  ignore line: []
  ignore line: [Run Build Command(s):/home/nathancharlesjones/.local/bin/ninja cmTC_ef3b6 && [1/2] Building C object CMakeFiles/cmTC_ef3b6.dir/CMakeCCompilerABI.c.o]
  ignore line: [Using built-in specs.]
  ignore line: [COLLECT_GCC=/usr/bin/cc]
  ignore line: [OFFLOAD_TARGET_NAMES=nvptx-none:hsa]
  ignore line: [OFFLOAD_TARGET_DEFAULT=1]
  ignore line: [Target: x86_64-linux-gnu]
  ignore line: [Configured with: ../src/configure -v --with-pkgversion='Ubuntu 9.3.0-17ubuntu1~20.04' --with-bugurl=file:///usr/share/doc/gcc-9/README.Bugs --enable-languages=c ada c++ go brig d fortran objc obj-c++ gm2 --prefix=/usr --with-gcc-major-version-only --program-suffix=-9 --program-prefix=x86_64-linux-gnu- --enable-shared --enable-linker-build-id --libexecdir=/usr/lib --without-included-gettext --enable-threads=posix --libdir=/usr/lib --enable-nls --enable-clocale=gnu --enable-libstdcxx-debug --enable-libstdcxx-time=yes --with-default-libstdcxx-abi=new --enable-gnu-unique-object --disable-vtable-verify --enable-plugin --enable-default-pie --with-system-zlib --with-target-system-zlib=auto --enable-objc-gc=auto --enable-multiarch --disable-werror --with-arch-32=i686 --with-abi=m64 --with-multilib-list=m32 m64 mx32 --enable-multilib --with-tune=generic --enable-offload-targets=nvptx-none=/build/gcc-9-HskZEa/gcc-9-9.3.0/debian/tmp-nvptx/usr hsa --without-cuda-driver --enable-checking=release --build=x86_64-linux-gnu --host=x86_64-linux-gnu --target=x86_64-linux-gnu]
  ignore line: [Thread model: posix]
  ignore line: [gcc version 9.3.0 (Ubuntu 9.3.0-17ubuntu1~20.04) ]
  ignore line: [COLLECT_GCC_OPTIONS='-fPIE' '-v' '-o' 'CMakeFiles/cmTC_ef3b6.dir/CMakeCCompilerABI.c.o' '-c' '-mtune=generic' '-march=x86-64']
  ignore line: [ /usr/lib/gcc/x86_64-linux-gnu/9/cc1 -quiet -v -imultiarch x86_64-linux-gnu /home/nathancharlesjones/.local/lib/python3.8/site-packages/cmake/data/share/cmake-3.21/Modules/CMakeCCompilerABI.c -quiet -dumpbase CMakeCCompilerABI.c -mtune=generic -march=x86-64 -auxbase-strip CMakeFiles/cmTC_ef3b6.dir/CMakeCCompilerABI.c.o -version -fPIE -fasynchronous-unwind-tables -fstack-protector-strong -Wformat -Wformat-security -fstack-clash-protection -fcf-protection -o /tmp/ccqCOx1e.s]
  ignore line: [GNU C17 (Ubuntu 9.3.0-17ubuntu1~20.04) version 9.3.0 (x86_64-linux-gnu)]
  ignore line: [	compiled by GNU C version 9.3.0  GMP version 6.2.0  MPFR version 4.0.2  MPC version 1.1.0  isl version isl-0.22.1-GMP]
  ignore line: []
  ignore line: [GGC heuristics: --param ggc-min-expand=100 --param ggc-min-heapsize=131072]
  ignore line: [ignoring nonexistent directory "/usr/local/include/x86_64-linux-gnu"]
  ignore line: [ignoring nonexistent directory "/usr/lib/gcc/x86_64-linux-gnu/9/include-fixed"]
  ignore line: [ignoring nonexistent directory "/usr/lib/gcc/x86_64-linux-gnu/9/../../../../x86_64-linux-gnu/include"]
  ignore line: [#include "..." search starts here:]
  ignore line: [#include <...> search starts here:]
  ignore line: [ /usr/lib/gcc/x86_64-linux-gnu/9/include]
  ignore line: [ /usr/local/include]
  ignore line: [ /usr/include/x86_64-linux-gnu]
  ignore line: [ /usr/include]
  ignore line: [End of search list.]
  ignore line: [GNU C17 (Ubuntu 9.3.0-17ubuntu1~20.04) version 9.3.0 (x86_64-linux-gnu)]
  ignore line: [	compiled by GNU C version 9.3.0  GMP version 6.2.0  MPFR version 4.0.2  MPC version 1.1.0  isl version isl-0.22.1-GMP]
  ignore line: []
  ignore line: [GGC heuristics: --param ggc-min-expand=100 --param ggc-min-heapsize=131072]
  ignore line: [Compiler executable checksum: bbf13931d8de1abe14040c9909cb6969]
  ignore line: [COLLECT_GCC_OPTIONS='-fPIE' '-v' '-o' 'CMakeFiles/cmTC_ef3b6.dir/CMakeCCompilerABI.c.o' '-c' '-mtune=generic' '-march=x86-64']
  ignore line: [ as -v --64 -o CMakeFiles/cmTC_ef3b6.dir/CMakeCCompilerABI.c.o /tmp/ccqCOx1e.s]
  ignore line: [GNU assembler version 2.34 (x86_64-linux-gnu) using BFD version (GNU Binutils for Ubuntu) 2.34]
  ignore line: [COMPILER_PATH=/usr/lib/gcc/x86_64-linux-gnu/9/:/usr/lib/gcc/x86_64-linux-gnu/9/:/usr/lib/gcc/x86_64-linux-gnu/:/usr/lib/gcc/x86_64-linux-gnu/9/:/usr/lib/gcc/x86_64-linux-gnu/]
  ignore line: [LIBRARY_PATH=/usr/lib/gcc/x86_64-linux-gnu/9/:/usr/lib/gcc/x86_64-linux-gnu/9/../../../x86_64-linux-gnu/:/usr/lib/gcc/x86_64-linux-gnu/9/../../../../lib/:/lib/x86_64-linux-gnu/:/lib/../lib/:/usr/lib/x86_64-linux-gnu/:/usr/lib/../lib/:/usr/lib/gcc/x86_64-linux-gnu/9/../../../:/lib/:/usr/lib/]
  ignore line: [COLLECT_GCC_OPTIONS='-fPIE' '-v' '-o' 'CMakeFiles/cmTC_ef3b6.dir/CMakeCCompilerABI.c.o' '-c' '-mtune=generic' '-march=x86-64']
  ignore line: [[2/2] Linking C executable cmTC_ef3b6]
  ignore line: [Using built-in specs.]
  ignore line: [COLLECT_GCC=/usr/bin/cc]
  ignore line: [COLLECT_LTO_WRAPPER=/usr/lib/gcc/x86_64-linux-gnu/9/lto-wrapper]
  ignore line: [OFFLOAD_TARGET_NAMES=nvptx-none:hsa]
  ignore line: [OFFLOAD_TARGET_DEFAULT=1]
  ignore line: [Target: x86_64-linux-gnu]
  ignore line: [Configured with: ../src/configure -v --with-pkgversion='Ubuntu 9.3.0-17ubuntu1~20.04' --with-bugurl=file:///usr/share/doc/gcc-9/README.Bugs --enable-languages=c ada c++ go brig d fortran objc obj-c++ gm2 --prefix=/usr --with-gcc-major-version-only --program-suffix=-9 --program-prefix=x86_64-linux-gnu- --enable-shared --enable-linker-build-id --libexecdir=/usr/lib --without-included-gettext --enable-threads=posix --libdir=/usr/lib --enable-nls --enable-clocale=gnu --enable-libstdcxx-debug --enable-libstdcxx-time=yes --with-default-libstdcxx-abi=new --enable-gnu-unique-object --disable-vtable-verify --enable-plugin --enable-default-pie --with-system-zlib --with-target-system-zlib=auto --enable-objc-gc=auto --enable-multiarch --disable-werror --with-arch-32=i686 --with-abi=m64 --with-multilib-list=m32 m64 mx32 --enable-multilib --with-tune=generic --enable-offload-targets=nvptx-none=/build/gcc-9-HskZEa/gcc-9-9.3.0/debian/tmp-nvptx/usr hsa --without-cuda-driver --enable-checking=release --build=x86_64-linux-gnu --host=x86_64-linux-gnu --target=x86_64-linux-gnu]
  ignore line: [Thread model: posix]
  ignore line: [gcc version 9.3.0 (Ubuntu 9.3.0-17ubuntu1~20.04) ]
  ignore line: [COMPILER_PATH=/usr/lib/gcc/x86_64-linux-gnu/9/:/usr/lib/gcc/x86_64-linux-gnu/9/:/usr/lib/gcc/x86_64-linux-gnu/:/usr/lib/gcc/x86_64-linux-gnu/9/:/usr/lib/gcc/x86_64-linux-gnu/]
  ignore line: [LIBRARY_PATH=/usr/lib/gcc/x86_64-linux-gnu/9/:/usr/lib/gcc/x86_64-linux-gnu/9/../../../x86_64-linux-gnu/:/usr/lib/gcc/x86_64-linux-gnu/9/../../../../lib/:/lib/x86_64-linux-gnu/:/lib/../lib/:/usr/lib/x86_64-linux-gnu/:/usr/lib/../lib/:/usr/lib/gcc/x86_64-linux-gnu/9/../../../:/lib/:/usr/lib/]
  ignore line: [COLLECT_GCC_OPTIONS='-v' '-o' 'cmTC_ef3b6' '-mtune=generic' '-march=x86-64']
  link line: [ /usr/lib/gcc/x86_64-linux-gnu/9/collect2 -plugin /usr/lib/gcc/x86_64-linux-gnu/9/liblto_plugin.so -plugin-opt=/usr/lib/gcc/x86_64-linux-gnu/9/lto-wrapper -plugin-opt=-fresolution=/tmp/cc5PzcuQ.res -plugin-opt=-pass-through=-lgcc -plugin-opt=-pass-through=-lgcc_s -plugin-opt=-pass-through=-lc -plugin-opt=-pass-through=-lgcc -plugin-opt=-pass-through=-lgcc_s --build-id --eh-frame-hdr -m elf_x86_64 --hash-style=gnu --as-needed -dynamic-linker /lib64/ld-linux-x86-64.so.2 -pie -z now -z relro -o cmTC_ef3b6 /usr/lib/gcc/x86_64-linux-gnu/9/../../../x86_64-linux-gnu/Scrt1.o /usr/lib/gcc/x86_64-linux-gnu/9/../../../x86_64-linux-gnu/crti.o /usr/lib/gcc/x86_64-linux-gnu/9/crtbeginS.o -L/usr/lib/gcc/x86_64-linux-gnu/9 -L/usr/lib/gcc/x86_64-linux-gnu/9/../../../x86_64-linux-gnu -L/usr/lib/gcc/x86_64-linux-gnu/9/../../../../lib -L/lib/x86_64-linux-gnu -L/lib/../lib -L/usr/lib/x86_64-linux-gnu -L/usr/lib/../lib -L/usr/lib/gcc/x86_64-linux-gnu/9/../../.. CMakeFiles/cmTC_ef3b6.dir/CMakeCCompilerABI.c.o -lgcc --push-state --as-needed -lgcc_s --pop-state -lc -lgcc --push-state --as-needed -lgcc_s --pop-state /usr/lib/gcc/x86_64-linux-gnu/9/crtendS.o /usr/lib/gcc/x86_64-linux-gnu/9/../../../x86_64-linux-gnu/crtn.o]
    arg [/usr/lib/gcc/x86_64-linux-gnu/9/collect2] ==> ignore
    arg [-plugin] ==> ignore
    arg [/usr/lib/gcc/x86_64-linux-gnu/9/liblto_plugin.so] ==> ignore
    arg [-plugin-opt=/usr/lib/gcc/x86_64-linux-gnu/9/lto-wrapper] ==> ignore
    arg [-plugin-opt=-fresolution=/tmp/cc5PzcuQ.res] ==> ignore
    arg [-plugin-opt=-pass-through=-lgcc] ==> ignore
    arg [-plugin-opt=-pass-through=-lgcc_s] ==> ignore
    arg [-plugin-opt=-pass-through=-lc] ==> ignore
    arg [-plugin-opt=-pass-through=-lgcc] ==> ignore
    arg [-plugin-opt=-pass-through=-lgcc_s] ==> ignore
    arg [--build-id] ==> ignore
    arg [--eh-frame-hdr] ==> ignore
    arg [-m] ==> ignore
    arg [elf_x86_64] ==> ignore
    arg [--hash-style=gnu] ==> ignore
    arg [--as-needed] ==> ignore
    arg [-dynamic-linker] ==> ignore
    arg [/lib64/ld-linux-x86-64.so.2] ==> ignore
    arg [-pie] ==> ignore
    arg [-znow] ==> ignore
    arg [-zrelro] ==> ignore
    arg [-o] ==> ignore
    arg [cmTC_ef3b6] ==> ignore
    arg [/usr/lib/gcc/x86_64-linux-gnu/9/../../../x86_64-linux-gnu/Scrt1.o] ==> obj [/usr/lib/gcc/x86_64-linux-gnu/9/../../../x86_64-linux-gnu/Scrt1.o]
    arg [/usr/lib/gcc/x86_64-linux-gnu/9/../../../x86_64-linux-gnu/crti.o] ==> obj [/usr/lib/gcc/x86_64-linux-gnu/9/../../../x86_64-linux-gnu/crti.o]
    arg [/usr/lib/gcc/x86_64-linux-gnu/9/crtbeginS.o] ==> obj [/usr/lib/gcc/x86_64-linux-gnu/9/crtbeginS.o]
    arg [-L/usr/lib/gcc/x86_64-linux-gnu/9] ==> dir [/usr/lib/gcc/x86_64-linux-gnu/9]
    arg [-L/usr/lib/gcc/x86_64-linux-gnu/9/../../../x86_64-linux-gnu] ==> dir [/usr/lib/gcc/x86_64-linux-gnu/9/../../../x86_64-linux-gnu]
    arg [-L/usr/lib/gcc/x86_64-linux-gnu/9/../../../../lib] ==> dir [/usr/lib/gcc/x86_64-linux-gnu/9/../../../../lib]
    arg [-L/lib/x86_64-linux-gnu] ==> dir [/lib/x86_64-linux-gnu]
    arg [-L/lib/../lib] ==> dir [/lib/../lib]
    arg [-L/usr/lib/x86_64-linux-gnu] ==> dir [/usr/lib/x86_64-linux-gnu]
    arg [-L/usr/lib/../lib] ==> dir [/usr/lib/../lib]
    arg [-L/usr/lib/gcc/x86_64-linux-gnu/9/../../..] ==> dir [/usr/lib/gcc/x86_64-linux-gnu/9/../../..]
    arg [CMakeFiles/cmTC_ef3b6.dir/CMakeCCompilerABI.c.o] ==> ignore
    arg [-lgcc] ==> lib [gcc]
    arg [--push-state] ==> ignore
    arg [--as-needed] ==> ignore
    arg [-lgcc_s] ==> lib [gcc_s]
    arg [--pop-state] ==> ignore
    arg [-lc] ==> lib [c]
    arg [-lgcc] ==> lib [gcc]
    arg [--push-state] ==> ignore
    arg [--as-needed] ==> ignore
    arg [-lgcc_s] ==> lib [gcc_s]
    arg [--pop-state] ==> ignore
    arg [/usr/lib/gcc/x86_64-linux-gnu/9/crtendS.o] ==> obj [/usr/lib/gcc/x86_64-linux-gnu/9/crtendS.o]
    arg [/usr/lib/gcc/x86_64-linux-gnu/9/../../../x86_64-linux-gnu/crtn.o] ==> obj [/usr/lib/gcc/x86_64-linux-gnu/9/../../../x86_64-linux-gnu/crtn.o]
  collapse obj [/usr/lib/gcc/x86_64-linux-gnu/9/../../../x86_64-linux-gnu/Scrt1.o] ==> [/usr/lib/x86_64-linux-gnu/Scrt1.o]
  collapse obj [/usr/lib/gcc/x86_64-linux-gnu/9/../../../x86_64-linux-gnu/crti.o] ==> [/usr/lib/x86_64-linux-gnu/crti.o]
  collapse obj [/usr/lib/gcc/x86_64-linux-gnu/9/../../../x86_64-linux-gnu/crtn.o] ==> [/usr/lib/x86_64-linux-gnu/crtn.o]
  collapse library dir [/usr/lib/gcc/x86_64-linux-gnu/9] ==> [/usr/lib/gcc/x86_64-linux-gnu/9]
  collapse library dir [/usr/lib/gcc/x86_64-linux-gnu/9/../../../x86_64-linux-gnu] ==> [/usr/lib/x86_64-linux-gnu]
  collapse library dir [/usr/lib/gcc/x86_64-linux-gnu/9/../../../../lib] ==> [/usr/lib]
  collapse library dir [/lib/x86_64-linux-gnu] ==> [/lib/x86_64-linux-gnu]
  collapse library dir [/lib/../lib] ==> [/lib]
  collapse library dir [/usr/lib/x86_64-linux-gnu] ==> [/usr/lib/x86_64-linux-gnu]
  collapse library dir [/usr/lib/../lib] ==> [/usr/lib]
  collapse library dir [/usr/lib/gcc/x86_64-linux-gnu/9/../../..] ==> [/usr/lib]
  implicit libs: [gcc;gcc_s;c;gcc;gcc_s]
  implicit objs: [/usr/lib/x86_64-linux-gnu/Scrt1.o;/usr/lib/x86_64-linux-gnu/crti.o;/usr/lib/gcc/x86_64-linux-gnu/9/crtbeginS.o;/usr/lib/gcc/x86_64-linux-gnu/9/crtendS.o;/usr/lib/x86_64-linux-gnu/crtn.o]
  implicit dirs: [/usr/lib/gcc/x86_64-linux-gnu/9;/usr/lib/x86_64-linux-gnu;/usr/lib;/lib/x86_64-linux-gnu;/lib]
  implicit fwks: []


Performing C SOURCE FILE Test REQUIRED_FLAGS_WERROR succeeded with the following output:
Change Dir: /mnt/c/Users/nathan.jones2/Documents/libc-skeleton/build/cmocka/CMakeFiles/CMakeTmp

Run Build Command(s):/home/nathancharlesjones/.local/bin/ninja cmTC_69d9f && [1/2] Building C object CMakeFiles/cmTC_69d9f.dir/src.c.o
[2/2] Linking C executable cmTC_69d9f


Source file was:
int main(void) { return 0; }
Performing C SOURCE FILE Test WITH_STD_GNU99_FLAG succeeded with the following output:
Change Dir: /mnt/c/Users/nathan.jones2/Documents/libc-skeleton/build/cmocka/CMakeFiles/CMakeTmp

Run Build Command(s):/home/nathancharlesjones/.local/bin/ninja cmTC_09650 && [1/2] Building C object CMakeFiles/cmTC_09650.dir/src.c.o
[2/2] Linking C executable cmTC_09650


Source file was:
int main(void) { return 0; }
Performing C SOURCE FILE Test WITH_WPEDANTIC_FLAG succeeded with the following output:
Change Dir: /mnt/c/Users/nathan.jones2/Documents/libc-skeleton/build/cmocka/CMakeFiles/CMakeTmp

Run Build Command(s):/home/nathancharlesjones/.local/bin/ninja cmTC_fa16d && [1/2] Building C object CMakeFiles/cmTC_fa16d.dir/src.c.o
[2/2] Linking C executable cmTC_fa16d


Source file was:
int main(void) { return 0; }
Performing C SOURCE FILE Test WITH_WALL_FLAG succeeded with the following output:
Change Dir: /mnt/c/Users/nathan.jones2/Documents/libc-skeleton/build/cmocka/CMakeFiles/CMakeTmp

Run Build Command(s):/home/nathancharlesjones/.local/bin/ninja cmTC_58066 && [1/2] Building C object CMakeFiles/cmTC_58066.dir/src.c.o
[2/2] Linking C executable cmTC_58066


Source file was:
int main(void) { return 0; }
Performing C SOURCE FILE Test WITH_WSHADOW_FLAG succeeded with the following output:
Change Dir: /mnt/c/Users/nathan.jones2/Documents/libc-skeleton/build/cmocka/CMakeFiles/CMakeTmp

Run Build Command(s):/home/nathancharlesjones/.local/bin/ninja cmTC_160bb && [1/2] Building C object CMakeFiles/cmTC_160bb.dir/src.c.o
[2/2] Linking C executable cmTC_160bb


Source file was:
int main(void) { return 0; }
Performing C SOURCE FILE Test WITH_WMISSING_PROTOTYPES_FLAG succeeded with the following output:
Change Dir: /mnt/c/Users/nathan.jones2/Documents/libc-skeleton/build/cmocka/CMakeFiles/CMakeTmp

Run Build Command(s):/home/nathancharlesjones/.local/bin/ninja cmTC_8e42d && [1/2] Building C object CMakeFiles/cmTC_8e42d.dir/src.c.o
[2/2] Linking C executable cmTC_8e42d


Source file was:
int main(void) { return 0; }
Performing C SOURCE FILE Test WITH_WCAST_ALIGN_FLAG succeeded with the following output:
Change Dir: /mnt/c/Users/nathan.jones2/Documents/libc-skeleton/build/cmocka/CMakeFiles/CMakeTmp

Run Build Command(s):/home/nathancharlesjones/.local/bin/ninja cmTC_dba28 && [1/2] Building C object CMakeFiles/cmTC_dba28.dir/src.c.o
[2/2] Linking C executable cmTC_dba28


Source file was:
int main(void) { return 0; }
Performing C SOURCE FILE Test WITH_WERROR_ADDRESS_FLAG succeeded with the following output:
Change Dir: /mnt/c/Users/nathan.jones2/Documents/libc-skeleton/build/cmocka/CMakeFiles/CMakeTmp

Run Build Command(s):/home/nathancharlesjones/.local/bin/ninja cmTC_b3484 && [1/2] Building C object CMakeFiles/cmTC_b3484.dir/src.c.o
[2/2] Linking C executable cmTC_b3484


Source file was:
int main(void) { return 0; }
Performing C SOURCE FILE Test WITH_WSTRICT_PROTOTYPES_FLAG succeeded with the following output:
Change Dir: /mnt/c/Users/nathan.jones2/Documents/libc-skeleton/build/cmocka/CMakeFiles/CMakeTmp

Run Build Command(s):/home/nathancharlesjones/.local/bin/ninja cmTC_30b04 && [1/2] Building C object CMakeFiles/cmTC_30b04.dir/src.c.o
[2/2] Linking C executable cmTC_30b04


Source file was:
int main(void) { return 0; }
Performing C SOURCE FILE Test WITH_WERROR_STRICT_PROTOTYPES_FLAG succeeded with the following output:
Change Dir: /mnt/c/Users/nathan.jones2/Documents/libc-skeleton/build/cmocka/CMakeFiles/CMakeTmp

Run Build Command(s):/home/nathancharlesjones/.local/bin/ninja cmTC_154cd && [1/2] Building C object CMakeFiles/cmTC_154cd.dir/src.c.o
[2/2] Linking C executable cmTC_154cd


Source file was:
int main(void) { return 0; }
Performing C SOURCE FILE Test WITH_WWRITE_STRINGS_FLAG succeeded with the following output:
Change Dir: /mnt/c/Users/nathan.jones2/Documents/libc-skeleton/build/cmocka/CMakeFiles/CMakeTmp

Run Build Command(s):/home/nathancharlesjones/.local/bin/ninja cmTC_69474 && [1/2] Building C object CMakeFiles/cmTC_69474.dir/src.c.o
[2/2] Linking C executable cmTC_69474


Source file was:
int main(void) { return 0; }
Performing C SOURCE FILE Test WITH_WERROR_WRITE_STRINGS_FLAG succeeded with the following output:
Change Dir: /mnt/c/Users/nathan.jones2/Documents/libc-skeleton/build/cmocka/CMakeFiles/CMakeTmp

Run Build Command(s):/home/nathancharlesjones/.local/bin/ninja cmTC_1ee0f && [1/2] Building C object CMakeFiles/cmTC_1ee0f.dir/src.c.o
[2/2] Linking C executable cmTC_1ee0f


Source file was:
int main(void) { return 0; }
Performing C SOURCE FILE Test WITH_WERROR_IMPLICIT_FUNCTION_DECLARATION_FLAG succeeded with the following output:
Change Dir: /mnt/c/Users/nathan.jones2/Documents/libc-skeleton/build/cmocka/CMakeFiles/CMakeTmp

Run Build Command(s):/home/nathancharlesjones/.local/bin/ninja cmTC_6fef1 && [1/2] Building C object CMakeFiles/cmTC_6fef1.dir/src.c.o
[2/2] Linking C executable cmTC_6fef1


Source file was:
int main(void) { return 0; }
Performing C SOURCE FILE Test WITH_WPOINTER_ARITH_FLAG succeeded with the following output:
Change Dir: /mnt/c/Users/nathan.jones2/Documents/libc-skeleton/build/cmocka/CMakeFiles/CMakeTmp

Run Build Command(s):/home/nathancharlesjones/.local/bin/ninja cmTC_0da6e && [1/2] Building C object CMakeFiles/cmTC_0da6e.dir/src.c.o
[2/2] Linking C executable cmTC_0da6e


Source file was:
int main(void) { return 0; }
Performing C SOURCE FILE Test WITH_WERROR_POINTER_ARITH_FLAG succeeded with the following output:
Change Dir: /mnt/c/Users/nathan.jones2/Documents/libc-skeleton/build/cmocka/CMakeFiles/CMakeTmp

Run Build Command(s):/home/nathancharlesjones/.local/bin/ninja cmTC_b8003 && [1/2] Building C object CMakeFiles/cmTC_b8003.dir/src.c.o
[2/2] Linking C executable cmTC_b8003


Source file was:
int main(void) { return 0; }
Performing C SOURCE FILE Test WITH_WDECLARATION_AFTER_STATEMENT_FLAG succeeded with the following output:
Change Dir: /mnt/c/Users/nathan.jones2/Documents/libc-skeleton/build/cmocka/CMakeFiles/CMakeTmp

Run Build Command(s):/home/nathancharlesjones/.local/bin/ninja cmTC_c9412 && [1/2] Building C object CMakeFiles/cmTC_c9412.dir/src.c.o
[2/2] Linking C executable cmTC_c9412


Source file was:
int main(void) { return 0; }
Performing C SOURCE FILE Test WITH_WERROR_DECLARATION_AFTER_STATEMENT_FLAG succeeded with the following output:
Change Dir: /mnt/c/Users/nathan.jones2/Documents/libc-skeleton/build/cmocka/CMakeFiles/CMakeTmp

Run Build Command(s):/home/nathancharlesjones/.local/bin/ninja cmTC_e9480 && [1/2] Building C object CMakeFiles/cmTC_e9480.dir/src.c.o
[2/2] Linking C executable cmTC_e9480


Source file was:
int main(void) { return 0; }
Performing C SOURCE FILE Test WITH_WRETURN_TYPE_FLAG succeeded with the following output:
Change Dir: /mnt/c/Users/nathan.jones2/Documents/libc-skeleton/build/cmocka/CMakeFiles/CMakeTmp

Run Build Command(s):/home/nathancharlesjones/.local/bin/ninja cmTC_c9e7f && [1/2] Building C object CMakeFiles/cmTC_c9e7f.dir/src.c.o
[2/2] Linking C executable cmTC_c9e7f


Source file was:
int main(void) { return 0; }
Performing C SOURCE FILE Test WITH_WERROR_RETURN_TYPE_FLAG succeeded with the following output:
Change Dir: /mnt/c/Users/nathan.jones2/Documents/libc-skeleton/build/cmocka/CMakeFiles/CMakeTmp

Run Build Command(s):/home/nathancharlesjones/.local/bin/ninja cmTC_8cef8 && [1/2] Building C object CMakeFiles/cmTC_8cef8.dir/src.c.o
[2/2] Linking C executable cmTC_8cef8


Source file was:
int main(void) { return 0; }
Performing C SOURCE FILE Test WITH_WUNINITIALIZED_FLAG succeeded with the following output:
Change Dir: /mnt/c/Users/nathan.jones2/Documents/libc-skeleton/build/cmocka/CMakeFiles/CMakeTmp

Run Build Command(s):/home/nathancharlesjones/.local/bin/ninja cmTC_19681 && [1/2] Building C object CMakeFiles/cmTC_19681.dir/src.c.o
[2/2] Linking C executable cmTC_19681


Source file was:
int main(void) { return 0; }
Performing C SOURCE FILE Test WITH_WERROR_UNINITIALIZED_FLAG succeeded with the following output:
Change Dir: /mnt/c/Users/nathan.jones2/Documents/libc-skeleton/build/cmocka/CMakeFiles/CMakeTmp

Run Build Command(s):/home/nathancharlesjones/.local/bin/ninja cmTC_20021 && [1/2] Building C object CMakeFiles/cmTC_20021.dir/src.c.o
[2/2] Linking C executable cmTC_20021


Source file was:
int main(void) { return 0; }
Performing C SOURCE FILE Test WITH_WIMPLICIT_FALLTHROUGH_FLAG succeeded with the following output:
Change Dir: /mnt/c/Users/nathan.jones2/Documents/libc-skeleton/build/cmocka/CMakeFiles/CMakeTmp

Run Build Command(s):/home/nathancharlesjones/.local/bin/ninja cmTC_ac7a4 && [1/2] Building C object CMakeFiles/cmTC_ac7a4.dir/src.c.o
[2/2] Linking C executable cmTC_ac7a4


Source file was:
int main(void) { return 0; }
Performing C SOURCE FILE Test WITH_WERROR_STRICT_OVERFLOW_FLAG succeeded with the following output:
Change Dir: /mnt/c/Users/nathan.jones2/Documents/libc-skeleton/build/cmocka/CMakeFiles/CMakeTmp

Run Build Command(s):/home/nathancharlesjones/.local/bin/ninja cmTC_e01e8 && [1/2] Building C object CMakeFiles/cmTC_e01e8.dir/src.c.o
[2/2] Linking C executable cmTC_e01e8


Source file was:
int main(void) { return 0; }
Performing C SOURCE FILE Test WITH_WSTRICT_OVERFLOW_2_FLAG succeeded with the following output:
Change Dir: /mnt/c/Users/nathan.jones2/Documents/libc-skeleton/build/cmocka/CMakeFiles/CMakeTmp

Run Build Command(s):/home/nathancharlesjones/.local/bin/ninja cmTC_320c3 && [1/2] Building C object CMakeFiles/cmTC_320c3.dir/src.c.o
[2/2] Linking C executable cmTC_320c3


Source file was:
int main(void) { return 0; }
Performing C SOURCE FILE Test WITH_WNO_FORMAT_ZERO_LENGTH_FLAG succeeded with the following output:
Change Dir: /mnt/c/Users/nathan.jones2/Documents/libc-skeleton/build/cmocka/CMakeFiles/CMakeTmp

Run Build Command(s):/home/nathancharlesjones/.local/bin/ninja cmTC_3ca44 && [1/2] Building C object CMakeFiles/cmTC_3ca44.dir/src.c.o
[2/2] Linking C executable cmTC_3ca44


Source file was:
int main(void) { return 0; }
Performing C SOURCE FILE Test WITH_WMISSING_FIELD_INITIALIZERS_FLAG succeeded with the following output:
Change Dir: /mnt/c/Users/nathan.jones2/Documents/libc-skeleton/build/cmocka/CMakeFiles/CMakeTmp

Run Build Command(s):/home/nathancharlesjones/.local/bin/ninja cmTC_23f80 && [1/2] Building C object CMakeFiles/cmTC_23f80.dir/src.c.o
[2/2] Linking C executable cmTC_23f80


Source file was:
int main(void) { return 0; }
Performing C SOURCE FILE Test REQUIRED_FLAGS_WFORMAT succeeded with the following output:
Change Dir: /mnt/c/Users/nathan.jones2/Documents/libc-skeleton/build/cmocka/CMakeFiles/CMakeTmp

Run Build Command(s):/home/nathancharlesjones/.local/bin/ninja cmTC_12d1a && [1/2] Building C object CMakeFiles/cmTC_12d1a.dir/src.c.o
[2/2] Linking C executable cmTC_12d1a


Source file was:
int main(void) { return 0; }
Performing C SOURCE FILE Test WITH_WFORMAT_SECURITY_FLAG succeeded with the following output:
Change Dir: /mnt/c/Users/nathan.jones2/Documents/libc-skeleton/build/cmocka/CMakeFiles/CMakeTmp

Run Build Command(s):/home/nathancharlesjones/.local/bin/ninja cmTC_0bcac && [1/2] Building C object CMakeFiles/cmTC_0bcac.dir/src.c.o
[2/2] Linking C executable cmTC_0bcac


Source file was:
int main(void) { return 0; }
Performing C SOURCE FILE Test WITH_WERROR_FORMAT_SECURITY_FLAG succeeded with the following output:
Change Dir: /mnt/c/Users/nathan.jones2/Documents/libc-skeleton/build/cmocka/CMakeFiles/CMakeTmp

Run Build Command(s):/home/nathancharlesjones/.local/bin/ninja cmTC_513ad && [1/2] Building C object CMakeFiles/cmTC_513ad.dir/src.c.o
[2/2] Linking C executable cmTC_513ad


Source file was:
int main(void) { return 0; }
Performing C SOURCE FILE Test WITH_FNO_COMMON_FLAG succeeded with the following output:
Change Dir: /mnt/c/Users/nathan.jones2/Documents/libc-skeleton/build/cmocka/CMakeFiles/CMakeTmp

Run Build Command(s):/home/nathancharlesjones/.local/bin/ninja cmTC_ef899 && [1/2] Building C object CMakeFiles/cmTC_ef899.dir/src.c.o
[2/2] Linking C executable cmTC_ef899


Source file was:
int main(void) { return 0; }
Performing C SOURCE FILE Test WITH_STACK_PROTECTOR_STRONG succeeded with the following output:
Change Dir: /mnt/c/Users/nathan.jones2/Documents/libc-skeleton/build/cmocka/CMakeFiles/CMakeTmp

Run Build Command(s):/home/nathancharlesjones/.local/bin/ninja cmTC_c819e && [1/2] Building C object CMakeFiles/cmTC_c819e.dir/src.c.o
[2/2] Linking C executable cmTC_c819e


Source file was:
int main(int argc, char **argv) { char buffer[256]; return buffer[argc]=0;}
Performing C SOURCE FILE Test WITH_STACK_CLASH_PROTECTION succeeded with the following output:
Change Dir: /mnt/c/Users/nathan.jones2/Documents/libc-skeleton/build/cmocka/CMakeFiles/CMakeTmp

Run Build Command(s):/home/nathancharlesjones/.local/bin/ninja cmTC_ac965 && [1/2] Building C object CMakeFiles/cmTC_ac965.dir/src.c.o
[2/2] Linking C executable cmTC_ac965


Source file was:
int main(int argc, char **argv) { char buffer[256]; return buffer[argc]=0;}
Performing C SOURCE FILE Test WITH_VISIBILITY_HIDDEN succeeded with the following output:
Change Dir: /mnt/c/Users/nathan.jones2/Documents/libc-skeleton/build/cmocka/CMakeFiles/CMakeTmp

Run Build Command(s):/home/nathancharlesjones/.local/bin/ninja cmTC_4eab3 && [1/2] Building C object CMakeFiles/cmTC_4eab3.dir/src.c.o
[2/2] Linking C executable cmTC_4eab3


Source file was:
int main(void) { return 0; }
Determining if the include file assert.h exists passed with the following output:
Change Dir: /mnt/c/Users/nathan.jones2/Documents/libc-skeleton/build/cmocka/CMakeFiles/CMakeTmp

Run Build Command(s):/home/nathancharlesjones/.local/bin/ninja cmTC_868d9 && [1/2] Building C object CMakeFiles/cmTC_868d9.dir/CheckIncludeFile.c.o
[2/2] Linking C executable cmTC_868d9



Determining if the include file inttypes.h exists passed with the following output:
Change Dir: /mnt/c/Users/nathan.jones2/Documents/libc-skeleton/build/cmocka/CMakeFiles/CMakeTmp

Run Build Command(s):/home/nathancharlesjones/.local/bin/ninja cmTC_7f298 && [1/2] Building C object CMakeFiles/cmTC_7f298.dir/CheckIncludeFile.c.o
[2/2] Linking C executable cmTC_7f298



Determining if the include file malloc.h exists passed with the following output:
Change Dir: /mnt/c/Users/nathan.jones2/Documents/libc-skeleton/build/cmocka/CMakeFiles/CMakeTmp

Run Build Command(s):/home/nathancharlesjones/.local/bin/ninja cmTC_fe940 && [1/2] Building C object CMakeFiles/cmTC_fe940.dir/CheckIncludeFile.c.o
[2/2] Linking C executable cmTC_fe940



Determining if the include file memory.h exists passed with the following output:
Change Dir: /mnt/c/Users/nathan.jones2/Documents/libc-skeleton/build/cmocka/CMakeFiles/CMakeTmp

Run Build Command(s):/home/nathancharlesjones/.local/bin/ninja cmTC_082eb && [1/2] Building C object CMakeFiles/cmTC_082eb.dir/CheckIncludeFile.c.o
[2/2] Linking C executable cmTC_082eb



Determining if the include file setjmp.h exists passed with the following output:
Change Dir: /mnt/c/Users/nathan.jones2/Documents/libc-skeleton/build/cmocka/CMakeFiles/CMakeTmp

Run Build Command(s):/home/nathancharlesjones/.local/bin/ninja cmTC_7c832 && [1/2] Building C object CMakeFiles/cmTC_7c832.dir/CheckIncludeFile.c.o
[2/2] Linking C executable cmTC_7c832



Determining if the include file signal.h exists passed with the following output:
Change Dir: /mnt/c/Users/nathan.jones2/Documents/libc-skeleton/build/cmocka/CMakeFiles/CMakeTmp

Run Build Command(s):/home/nathancharlesjones/.local/bin/ninja cmTC_3bff9 && [1/2] Building C object CMakeFiles/cmTC_3bff9.dir/CheckIncludeFile.c.o
[2/2] Linking C executable cmTC_3bff9



Determining if the include file stdarg.h exists passed with the following output:
Change Dir: /mnt/c/Users/nathan.jones2/Documents/libc-skeleton/build/cmocka/CMakeFiles/CMakeTmp

Run Build Command(s):/home/nathancharlesjones/.local/bin/ninja cmTC_321d5 && [1/2] Building C object CMakeFiles/cmTC_321d5.dir/CheckIncludeFile.c.o
[2/2] Linking C executable cmTC_321d5



Determining if the include file stddef.h exists passed with the following output:
Change Dir: /mnt/c/Users/nathan.jones2/Documents/libc-skeleton/build/cmocka/CMakeFiles/CMakeTmp

Run Build Command(s):/home/nathancharlesjones/.local/bin/ninja cmTC_359d0 && [1/2] Building C object CMakeFiles/cmTC_359d0.dir/CheckIncludeFile.c.o
[2/2] Linking C executable cmTC_359d0



Determining if the include file stdint.h exists passed with the following output:
Change Dir: /mnt/c/Users/nathan.jones2/Documents/libc-skeleton/build/cmocka/CMakeFiles/CMakeTmp

Run Build Command(s):/home/nathancharlesjones/.local/bin/ninja cmTC_a69a0 && [1/2] Building C object CMakeFiles/cmTC_a69a0.dir/CheckIncludeFile.c.o
[2/2] Linking C executable cmTC_a69a0



Determining if the include file stdio.h exists passed with the following output:
Change Dir: /mnt/c/Users/nathan.jones2/Documents/libc-skeleton/build/cmocka/CMakeFiles/CMakeTmp

Run Build Command(s):/home/nathancharlesjones/.local/bin/ninja cmTC_512e0 && [1/2] Building C object CMakeFiles/cmTC_512e0.dir/CheckIncludeFile.c.o
[2/2] Linking C executable cmTC_512e0



Determining if the include file stdlib.h exists passed with the following output:
Change Dir: /mnt/c/Users/nathan.jones2/Documents/libc-skeleton/build/cmocka/CMakeFiles/CMakeTmp

Run Build Command(s):/home/nathancharlesjones/.local/bin/ninja cmTC_4e866 && [1/2] Building C object CMakeFiles/cmTC_4e866.dir/CheckIncludeFile.c.o
[2/2] Linking C executable cmTC_4e866



Determining if the include file string.h exists passed with the following output:
Change Dir: /mnt/c/Users/nathan.jones2/Documents/libc-skeleton/build/cmocka/CMakeFiles/CMakeTmp

Run Build Command(s):/home/nathancharlesjones/.local/bin/ninja cmTC_69e34 && [1/2] Building C object CMakeFiles/cmTC_69e34.dir/CheckIncludeFile.c.o
[2/2] Linking C executable cmTC_69e34



Determining if the include file strings.h exists passed with the following output:
Change Dir: /mnt/c/Users/nathan.jones2/Documents/libc-skeleton/build/cmocka/CMakeFiles/CMakeTmp

Run Build Command(s):/home/nathancharlesjones/.local/bin/ninja cmTC_d402f && [1/2] Building C object CMakeFiles/cmTC_d402f.dir/CheckIncludeFile.c.o
[2/2] Linking C executable cmTC_d402f



Determining if the include file sys/stat.h exists passed with the following output:
Change Dir: /mnt/c/Users/nathan.jones2/Documents/libc-skeleton/build/cmocka/CMakeFiles/CMakeTmp

Run Build Command(s):/home/nathancharlesjones/.local/bin/ninja cmTC_772e6 && [1/2] Building C object CMakeFiles/cmTC_772e6.dir/CheckIncludeFile.c.o
[2/2] Linking C executable cmTC_772e6



Determining if the include file sys/types.h exists passed with the following output:
Change Dir: /mnt/c/Users/nathan.jones2/Documents/libc-skeleton/build/cmocka/CMakeFiles/CMakeTmp

Run Build Command(s):/home/nathancharlesjones/.local/bin/ninja cmTC_2169a && [1/2] Building C object CMakeFiles/cmTC_2169a.dir/CheckIncludeFile.c.o
[2/2] Linking C executable cmTC_2169a



Determining if the include file time.h exists passed with the following output:
Change Dir: /mnt/c/Users/nathan.jones2/Documents/libc-skeleton/build/cmocka/CMakeFiles/CMakeTmp

Run Build Command(s):/home/nathancharlesjones/.local/bin/ninja cmTC_5c0c9 && [1/2] Building C object CMakeFiles/cmTC_5c0c9.dir/CheckIncludeFile.c.o
[2/2] Linking C executable cmTC_5c0c9



Determining if the include file unistd.h exists passed with the following output:
Change Dir: /mnt/c/Users/nathan.jones2/Documents/libc-skeleton/build/cmocka/CMakeFiles/CMakeTmp

Run Build Command(s):/home/nathancharlesjones/.local/bin/ninja cmTC_a8c66 && [1/2] Building C object CMakeFiles/cmTC_a8c66.dir/CheckIncludeFile.c.o
[2/2] Linking C executable cmTC_a8c66



Performing C SOURCE FILE Test HAVE_STRUCT_TIMESPEC succeeded with the following output:
Change Dir: /mnt/c/Users/nathan.jones2/Documents/libc-skeleton/build/cmocka/CMakeFiles/CMakeTmp

Run Build Command(s):/home/nathancharlesjones/.local/bin/ninja cmTC_7ab9e && [1/2] Building C object CMakeFiles/cmTC_7ab9e.dir/src.c.o
[2/2] Linking C executable cmTC_7ab9e


Source file was:

#include <time.h>

int main()
{
  (void)sizeof(((struct timespec *)0)->tv_sec);
  return 0;
}

Determining if the function calloc exists passed with the following output:
Change Dir: /mnt/c/Users/nathan.jones2/Documents/libc-skeleton/build/cmocka/CMakeFiles/CMakeTmp

Run Build Command(s):/home/nathancharlesjones/.local/bin/ninja cmTC_34b70 && [1/2] Building C object CMakeFiles/cmTC_34b70.dir/CheckFunctionExists.c.o
<command-line>: warning: conflicting types for built-in function ‘calloc’; expected ‘void *(long unsigned int,  long unsigned int)’ [-Wbuiltin-declaration-mismatch]
/home/nathancharlesjones/.local/lib/python3.8/site-packages/cmake/data/share/cmake-3.21/Modules/CheckFunctionExists.c:7:3: note: in expansion of macro ‘CHECK_FUNCTION_EXISTS’
    7 |   CHECK_FUNCTION_EXISTS(void);
      |   ^~~~~~~~~~~~~~~~~~~~~
/home/nathancharlesjones/.local/lib/python3.8/site-packages/cmake/data/share/cmake-3.21/Modules/CheckFunctionExists.c:1:1: note: ‘calloc’ is declared in header ‘<stdlib.h>’
  +++ |+#include <stdlib.h>
    1 | #ifdef CHECK_FUNCTION_EXISTS
[2/2] Linking C executable cmTC_34b70



Determining if the function exit exists passed with the following output:
Change Dir: /mnt/c/Users/nathan.jones2/Documents/libc-skeleton/build/cmocka/CMakeFiles/CMakeTmp

Run Build Command(s):/home/nathancharlesjones/.local/bin/ninja cmTC_ee80c && [1/2] Building C object CMakeFiles/cmTC_ee80c.dir/CheckFunctionExists.c.o
<command-line>: warning: conflicting types for built-in function ‘exit’; expected ‘void(int)’ [-Wbuiltin-declaration-mismatch]
/home/nathancharlesjones/.local/lib/python3.8/site-packages/cmake/data/share/cmake-3.21/Modules/CheckFunctionExists.c:7:3: note: in expansion of macro ‘CHECK_FUNCTION_EXISTS’
    7 |   CHECK_FUNCTION_EXISTS(void);
      |   ^~~~~~~~~~~~~~~~~~~~~
/home/nathancharlesjones/.local/lib/python3.8/site-packages/cmake/data/share/cmake-3.21/Modules/CheckFunctionExists.c:1:1: note: ‘exit’ is declared in header ‘<stdlib.h>’
  +++ |+#include <stdlib.h>
    1 | #ifdef CHECK_FUNCTION_EXISTS
[2/2] Linking C executable cmTC_ee80c



Determining if the function fprintf exists passed with the following output:
Change Dir: /mnt/c/Users/nathan.jones2/Documents/libc-skeleton/build/cmocka/CMakeFiles/CMakeTmp

Run Build Command(s):/home/nathancharlesjones/.local/bin/ninja cmTC_476bc && [1/2] Building C object CMakeFiles/cmTC_476bc.dir/CheckFunctionExists.c.o
<command-line>: warning: conflicting types for built-in function ‘fprintf’; expected ‘int(void *, const char *, ...)’ [-Wbuiltin-declaration-mismatch]
/home/nathancharlesjones/.local/lib/python3.8/site-packages/cmake/data/share/cmake-3.21/Modules/CheckFunctionExists.c:7:3: note: in expansion of macro ‘CHECK_FUNCTION_EXISTS’
    7 |   CHECK_FUNCTION_EXISTS(void);
      |   ^~~~~~~~~~~~~~~~~~~~~
/home/nathancharlesjones/.local/lib/python3.8/site-packages/cmake/data/share/cmake-3.21/Modules/CheckFunctionExists.c:1:1: note: ‘fprintf’ is declared in header ‘<stdio.h>’
  +++ |+#include <stdio.h>
    1 | #ifdef CHECK_FUNCTION_EXISTS
[2/2] Linking C executable cmTC_476bc



Determining if the function free exists passed with the following output:
Change Dir: /mnt/c/Users/nathan.jones2/Documents/libc-skeleton/build/cmocka/CMakeFiles/CMakeTmp

Run Build Command(s):/home/nathancharlesjones/.local/bin/ninja cmTC_5e003 && [1/2] Building C object CMakeFiles/cmTC_5e003.dir/CheckFunctionExists.c.o
<command-line>: warning: conflicting types for built-in function ‘free’; expected ‘void(void *)’ [-Wbuiltin-declaration-mismatch]
/home/nathancharlesjones/.local/lib/python3.8/site-packages/cmake/data/share/cmake-3.21/Modules/CheckFunctionExists.c:7:3: note: in expansion of macro ‘CHECK_FUNCTION_EXISTS’
    7 |   CHECK_FUNCTION_EXISTS(void);
      |   ^~~~~~~~~~~~~~~~~~~~~
/home/nathancharlesjones/.local/lib/python3.8/site-packages/cmake/data/share/cmake-3.21/Modules/CheckFunctionExists.c:1:1: note: ‘free’ is declared in header ‘<stdlib.h>’
  +++ |+#include <stdlib.h>
    1 | #ifdef CHECK_FUNCTION_EXISTS
[2/2] Linking C executable cmTC_5e003



Determining if the function longjmp exists passed with the following output:
Change Dir: /mnt/c/Users/nathan.jones2/Documents/libc-skeleton/build/cmocka/CMakeFiles/CMakeTmp

Run Build Command(s):/home/nathancharlesjones/.local/bin/ninja cmTC_e381b && [1/2] Building C object CMakeFiles/cmTC_e381b.dir/CheckFunctionExists.c.o
[2/2] Linking C executable cmTC_e381b



Determining if the function siglongjmp exists passed with the following output:
Change Dir: /mnt/c/Users/nathan.jones2/Documents/libc-skeleton/build/cmocka/CMakeFiles/CMakeTmp

Run Build Command(s):/home/nathancharlesjones/.local/bin/ninja cmTC_f3944 && [1/2] Building C object CMakeFiles/cmTC_f3944.dir/CheckFunctionExists.c.o
[2/2] Linking C executable cmTC_f3944



Determining if the function malloc exists passed with the following output:
Change Dir: /mnt/c/Users/nathan.jones2/Documents/libc-skeleton/build/cmocka/CMakeFiles/CMakeTmp

Run Build Command(s):/home/nathancharlesjones/.local/bin/ninja cmTC_2d842 && [1/2] Building C object CMakeFiles/cmTC_2d842.dir/CheckFunctionExists.c.o
<command-line>: warning: conflicting types for built-in function ‘malloc’; expected ‘void *(long unsigned int)’ [-Wbuiltin-declaration-mismatch]
/home/nathancharlesjones/.local/lib/python3.8/site-packages/cmake/data/share/cmake-3.21/Modules/CheckFunctionExists.c:7:3: note: in expansion of macro ‘CHECK_FUNCTION_EXISTS’
    7 |   CHECK_FUNCTION_EXISTS(void);
      |   ^~~~~~~~~~~~~~~~~~~~~
/home/nathancharlesjones/.local/lib/python3.8/site-packages/cmake/data/share/cmake-3.21/Modules/CheckFunctionExists.c:1:1: note: ‘malloc’ is declared in header ‘<stdlib.h>’
  +++ |+#include <stdlib.h>
    1 | #ifdef CHECK_FUNCTION_EXISTS
[2/2] Linking C executable cmTC_2d842



Determining if the function memcpy exists passed with the following output:
Change Dir: /mnt/c/Users/nathan.jones2/Documents/libc-skeleton/build/cmocka/CMakeFiles/CMakeTmp

Run Build Command(s):/home/nathancharlesjones/.local/bin/ninja cmTC_477fe && [1/2] Building C object CMakeFiles/cmTC_477fe.dir/CheckFunctionExists.c.o
<command-line>: warning: conflicting types for built-in function ‘memcpy’; expected ‘void *(void *, const void *, long unsigned int)’ [-Wbuiltin-declaration-mismatch]
/home/nathancharlesjones/.local/lib/python3.8/site-packages/cmake/data/share/cmake-3.21/Modules/CheckFunctionExists.c:7:3: note: in expansion of macro ‘CHECK_FUNCTION_EXISTS’
    7 |   CHECK_FUNCTION_EXISTS(void);
      |   ^~~~~~~~~~~~~~~~~~~~~
/home/nathancharlesjones/.local/lib/python3.8/site-packages/cmake/data/share/cmake-3.21/Modules/CheckFunctionExists.c:1:1: note: ‘memcpy’ is declared in header ‘<string.h>’
  +++ |+#include <string.h>
    1 | #ifdef CHECK_FUNCTION_EXISTS
[2/2] Linking C executable cmTC_477fe



Determining if the function memset exists passed with the following output:
Change Dir: /mnt/c/Users/nathan.jones2/Documents/libc-skeleton/build/cmocka/CMakeFiles/CMakeTmp

Run Build Command(s):/home/nathancharlesjones/.local/bin/ninja cmTC_35780 && [1/2] Building C object CMakeFiles/cmTC_35780.dir/CheckFunctionExists.c.o
<command-line>: warning: conflicting types for built-in function ‘memset’; expected ‘void *(void *, int,  long unsigned int)’ [-Wbuiltin-declaration-mismatch]
/home/nathancharlesjones/.local/lib/python3.8/site-packages/cmake/data/share/cmake-3.21/Modules/CheckFunctionExists.c:7:3: note: in expansion of macro ‘CHECK_FUNCTION_EXISTS’
    7 |   CHECK_FUNCTION_EXISTS(void);
      |   ^~~~~~~~~~~~~~~~~~~~~
/home/nathancharlesjones/.local/lib/python3.8/site-packages/cmake/data/share/cmake-3.21/Modules/CheckFunctionExists.c:1:1: note: ‘memset’ is declared in header ‘<string.h>’
  +++ |+#include <string.h>
    1 | #ifdef CHECK_FUNCTION_EXISTS
[2/2] Linking C executable cmTC_35780



Determining if the function printf exists passed with the following output:
Change Dir: /mnt/c/Users/nathan.jones2/Documents/libc-skeleton/build/cmocka/CMakeFiles/CMakeTmp

Run Build Command(s):/home/nathancharlesjones/.local/bin/ninja cmTC_e5522 && [1/2] Building C object CMakeFiles/cmTC_e5522.dir/CheckFunctionExists.c.o
<command-line>: warning: conflicting types for built-in function ‘printf’; expected ‘int(const char *, ...)’ [-Wbuiltin-declaration-mismatch]
/home/nathancharlesjones/.local/lib/python3.8/site-packages/cmake/data/share/cmake-3.21/Modules/CheckFunctionExists.c:7:3: note: in expansion of macro ‘CHECK_FUNCTION_EXISTS’
    7 |   CHECK_FUNCTION_EXISTS(void);
      |   ^~~~~~~~~~~~~~~~~~~~~
/home/nathancharlesjones/.local/lib/python3.8/site-packages/cmake/data/share/cmake-3.21/Modules/CheckFunctionExists.c:1:1: note: ‘printf’ is declared in header ‘<stdio.h>’
  +++ |+#include <stdio.h>
    1 | #ifdef CHECK_FUNCTION_EXISTS
[2/2] Linking C executable cmTC_e5522



Determining if the function setjmp exists passed with the following output:
Change Dir: /mnt/c/Users/nathan.jones2/Documents/libc-skeleton/build/cmocka/CMakeFiles/CMakeTmp

Run Build Command(s):/home/nathancharlesjones/.local/bin/ninja cmTC_98f4d && [1/2] Building C object CMakeFiles/cmTC_98f4d.dir/CheckFunctionExists.c.o
[2/2] Linking C executable cmTC_98f4d



Determining if the function signal exists passed with the following output:
Change Dir: /mnt/c/Users/nathan.jones2/Documents/libc-skeleton/build/cmocka/CMakeFiles/CMakeTmp

Run Build Command(s):/home/nathancharlesjones/.local/bin/ninja cmTC_11ad7 && [1/2] Building C object CMakeFiles/cmTC_11ad7.dir/CheckFunctionExists.c.o
[2/2] Linking C executable cmTC_11ad7



Determining if the function strsignal exists passed with the following output:
Change Dir: /mnt/c/Users/nathan.jones2/Documents/libc-skeleton/build/cmocka/CMakeFiles/CMakeTmp

Run Build Command(s):/home/nathancharlesjones/.local/bin/ninja cmTC_eb324 && [1/2] Building C object CMakeFiles/cmTC_eb324.dir/CheckFunctionExists.c.o
[2/2] Linking C executable cmTC_eb324



Determining if the function strcmp exists passed with the following output:
Change Dir: /mnt/c/Users/nathan.jones2/Documents/libc-skeleton/build/cmocka/CMakeFiles/CMakeTmp

Run Build Command(s):/home/nathancharlesjones/.local/bin/ninja cmTC_138a5 && [1/2] Building C object CMakeFiles/cmTC_138a5.dir/CheckFunctionExists.c.o
<command-line>: warning: conflicting types for built-in function ‘strcmp’; expected ‘int(const char *, const char *)’ [-Wbuiltin-declaration-mismatch]
/home/nathancharlesjones/.local/lib/python3.8/site-packages/cmake/data/share/cmake-3.21/Modules/CheckFunctionExists.c:7:3: note: in expansion of macro ‘CHECK_FUNCTION_EXISTS’
    7 |   CHECK_FUNCTION_EXISTS(void);
      |   ^~~~~~~~~~~~~~~~~~~~~
/home/nathancharlesjones/.local/lib/python3.8/site-packages/cmake/data/share/cmake-3.21/Modules/CheckFunctionExists.c:1:1: note: ‘strcmp’ is declared in header ‘<string.h>’
  +++ |+#include <string.h>
    1 | #ifdef CHECK_FUNCTION_EXISTS
[2/2] Linking C executable cmTC_138a5



Determining if the function clock_gettime exists passed with the following output:
Change Dir: /mnt/c/Users/nathan.jones2/Documents/libc-skeleton/build/cmocka/CMakeFiles/CMakeTmp

Run Build Command(s):/home/nathancharlesjones/.local/bin/ninja cmTC_9e494 && [1/2] Building C object CMakeFiles/cmTC_9e494.dir/CheckFunctionExists.c.o
[2/2] Linking C executable cmTC_9e494



Determining if the function sprintf exists passed with the following output:
Change Dir: /mnt/c/Users/nathan.jones2/Documents/libc-skeleton/build/cmocka/CMakeFiles/CMakeTmp

Run Build Command(s):/home/nathancharlesjones/.local/bin/ninja cmTC_2cffc && [1/2] Building C object CMakeFiles/cmTC_2cffc.dir/CheckFunctionExists.c.o
<command-line>: warning: conflicting types for built-in function ‘sprintf’; expected ‘int(char *, const char *, ...)’ [-Wbuiltin-declaration-mismatch]
/home/nathancharlesjones/.local/lib/python3.8/site-packages/cmake/data/share/cmake-3.21/Modules/CheckFunctionExists.c:7:3: note: in expansion of macro ‘CHECK_FUNCTION_EXISTS’
    7 |   CHECK_FUNCTION_EXISTS(void);
      |   ^~~~~~~~~~~~~~~~~~~~~
/home/nathancharlesjones/.local/lib/python3.8/site-packages/cmake/data/share/cmake-3.21/Modules/CheckFunctionExists.c:1:1: note: ‘sprintf’ is declared in header ‘<stdio.h>’
  +++ |+#include <stdio.h>
    1 | #ifdef CHECK_FUNCTION_EXISTS
[2/2] Linking C executable cmTC_2cffc



Determining if the function vsnprintf exists passed with the following output:
Change Dir: /mnt/c/Users/nathan.jones2/Documents/libc-skeleton/build/cmocka/CMakeFiles/CMakeTmp

Run Build Command(s):/home/nathancharlesjones/.local/bin/ninja cmTC_af487 && [1/2] Building C object CMakeFiles/cmTC_af487.dir/CheckFunctionExists.c.o
<command-line>: warning: conflicting types for built-in function ‘vsnprintf’; expected ‘int(char *, long unsigned int,  const char *, __va_list_tag *)’ [-Wbuiltin-declaration-mismatch]
/home/nathancharlesjones/.local/lib/python3.8/site-packages/cmake/data/share/cmake-3.21/Modules/CheckFunctionExists.c:7:3: note: in expansion of macro ‘CHECK_FUNCTION_EXISTS’
    7 |   CHECK_FUNCTION_EXISTS(void);
      |   ^~~~~~~~~~~~~~~~~~~~~
/home/nathancharlesjones/.local/lib/python3.8/site-packages/cmake/data/share/cmake-3.21/Modules/CheckFunctionExists.c:1:1: note: ‘vsnprintf’ is declared in header ‘<stdio.h>’
  +++ |+#include <stdio.h>
    1 | #ifdef CHECK_FUNCTION_EXISTS
[2/2] Linking C executable cmTC_af487



Performing C SOURCE FILE Test HAVE_GCC_THREAD_LOCAL_STORAGE succeeded with the following output:
Change Dir: /mnt/c/Users/nathan.jones2/Documents/libc-skeleton/build/cmocka/CMakeFiles/CMakeTmp

Run Build Command(s):/home/nathancharlesjones/.local/bin/ninja cmTC_2c617 && [1/2] Building C object CMakeFiles/cmTC_2c617.dir/src.c.o
[2/2] Linking C executable cmTC_2c617


Source file was:

__thread int tls;

int main(void) {
    return 0;
}
Performing C SOURCE FILE Test HAVE_CLOCK_REALTIME succeeded with the following output:
Change Dir: /mnt/c/Users/nathan.jones2/Documents/libc-skeleton/build/cmocka/CMakeFiles/CMakeTmp

Run Build Command(s):/home/nathancharlesjones/.local/bin/ninja cmTC_d3d22 && [1/2] Building C object CMakeFiles/cmTC_d3d22.dir/src.c.o
[2/2] Linking C executable cmTC_d3d22


Source file was:

#include <time.h>

int main(void) {
    struct timespec ts;

    clock_gettime(CLOCK_REALTIME, &ts);

    return 0;
}
